<?xml version="1.0" encoding="UTF-8" ?>
<testsuite tests="4" failures="0" name="com.bex.logger.TestJobLogger" time="0.134" errors="0" skipped="1">
  <properties>
[...]
</properties>
  <testcase classname="com.bex.logger.TestJobLogger" name="printMessageToFile" time="0.11"/>
  <testcase classname="com.bex.logger.TestJobLogger" name="saveLogFile" time="0"/>
  <testcase classname="com.bex.logger.TestJobLogger" name="saveLogMongoDb" time="0.008">
    <skipped/>
  </testcase>
  <testcase classname="com.bex.logger.TestJobLogger" name="printMessageToConsole" time="0.016"/>
</testsuite>